  main.cpp
c:\users\g018049f\desktop\raytracerframework\raytracersmall\main.cpp(47): warning C4005: 'INFINITY': macro redefinition
  c:\program files (x86)\windows kits\10\include\10.0.17134.0\ucrt\corecrt_math.h(90): note: see previous definition of 'INFINITY'
c:\users\g018049f\desktop\raytracerframework\raytracersmall\main.cpp(100): warning C4305: 'initializing': truncation from 'double' to 'float'
c:\users\g018049f\desktop\raytracerframework\raytracersmall\main.cpp(106): warning C4305: 'argument': truncation from 'double' to 'const float'
c:\users\g018049f\desktop\raytracerframework\raytracersmall\main.cpp(115): warning C4305: 'initializing': truncation from 'double' to 'float'
c:\users\g018049f\desktop\raytracerframework\raytracersmall\main.cpp(170): warning C4244: 'initializing': conversion from 'double' to 'float', possible loss of data
c:\users\g018049f\desktop\raytracerframework\raytracersmall\main.cpp(174): warning C4244: 'initializing': conversion from 'double' to 'float', possible loss of data
c:\users\g018049f\desktop\raytracerframework\raytracersmall\main.cpp(175): warning C4244: 'initializing': conversion from 'double' to 'float', possible loss of data
c:\users\g018049f\desktop\raytracerframework\raytracersmall\main.cpp(398): warning C4244: 'argument': conversion from 'float' to 'int', possible loss of data
c:\users\g018049f\desktop\raytracerframework\raytracersmall\main.cpp(425): warning C4244: 'initializing': conversion from 'double' to 'float', possible loss of data
c:\program files (x86)\microsoft visual studio\2017\professional\vc\tools\msvc\14.14.26428\include\type_traits(16707566): warning C4244: 'argument': conversion from 'int' to 'float', possible loss of data
  c:\program files (x86)\microsoft visual studio\2017\professional\vc\tools\msvc\14.14.26428\include\type_traits(16707566): note: see reference to function template instantiation 'void std::_Invoker_functor::_Call<void(__cdecl *)(std::vector<Sphere,std::allocator<_Ty>>,float,float),std::vector<_Ty,std::allocator<_Ty>>,int,float>(_Callable &&,std::vector<_Ty,std::allocator<_Ty>> &&,int &&,float &&) noexcept(false)' being compiled
          with
          [
              _Ty=Sphere,
              _Callable=void (__cdecl *)(std::vector<Sphere,std::allocator<Sphere>>,float,float)
          ]
  c:\program files (x86)\microsoft visual studio\2017\professional\vc\tools\msvc\14.14.26428\include\thr\xthread(238): note: see reference to function template instantiation 'void std::invoke<void(__cdecl *)(std::vector<Sphere,std::allocator<_Ty>>,float,float),std::vector<_Ty,std::allocator<_Ty>>,int,float>(_Callable &&,std::vector<_Ty,std::allocator<_Ty>> &&,int &&,float &&) noexcept(false)' being compiled
          with
          [
              _Ty=Sphere,
              _Callable=void (__cdecl *)(std::vector<Sphere,std::allocator<Sphere>>,float,float)
          ]
  c:\program files (x86)\microsoft visual studio\2017\professional\vc\tools\msvc\14.14.26428\include\thr\xthread(246): note: see reference to function template instantiation 'void std::_LaunchPad<_Target>::_Execute<0,1,2,3>(std::tuple<void (__cdecl *)(std::vector<Sphere,std::allocator<_Ty>>,float,float),std::vector<_Ty,std::allocator<_Ty>>,int,float> &,std::integer_sequence<unsigned int,0,1,2,3>)' being compiled
          with
          [
              _Target=std::unique_ptr<std::tuple<void (__cdecl *)(std::vector<Sphere,std::allocator<Sphere>>,float,float),std::vector<Sphere,std::allocator<Sphere>>,int,float>,std::default_delete<std::tuple<void (__cdecl *)(std::vector<Sphere,std::allocator<Sphere>>,float,float),std::vector<Sphere,std::allocator<Sphere>>,int,float>>>,
              _Ty=Sphere
          ]
  c:\program files (x86)\microsoft visual studio\2017\professional\vc\tools\msvc\14.14.26428\include\thr\xthread(245): note: see reference to function template instantiation 'void std::_LaunchPad<_Target>::_Execute<0,1,2,3>(std::tuple<void (__cdecl *)(std::vector<Sphere,std::allocator<_Ty>>,float,float),std::vector<_Ty,std::allocator<_Ty>>,int,float> &,std::integer_sequence<unsigned int,0,1,2,3>)' being compiled
          with
          [
              _Target=std::unique_ptr<std::tuple<void (__cdecl *)(std::vector<Sphere,std::allocator<Sphere>>,float,float),std::vector<Sphere,std::allocator<Sphere>>,int,float>,std::default_delete<std::tuple<void (__cdecl *)(std::vector<Sphere,std::allocator<Sphere>>,float,float),std::vector<Sphere,std::allocator<Sphere>>,int,float>>>,
              _Ty=Sphere
          ]
  c:\program files (x86)\microsoft visual studio\2017\professional\vc\tools\msvc\14.14.26428\include\thr\xthread(242): note: while compiling class template member function 'void std::_LaunchPad<_Target>::_Run(std::_LaunchPad<_Target> *) noexcept'
          with
          [
              _Target=std::unique_ptr<std::tuple<void (__cdecl *)(std::vector<Sphere,std::allocator<Sphere>>,float,float),std::vector<Sphere,std::allocator<Sphere>>,int,float>,std::default_delete<std::tuple<void (__cdecl *)(std::vector<Sphere,std::allocator<Sphere>>,float,float),std::vector<Sphere,std::allocator<Sphere>>,int,float>>>
          ]
  c:\program files (x86)\microsoft visual studio\2017\professional\vc\tools\msvc\14.14.26428\include\thr\xthread(230): note: see reference to function template instantiation 'void std::_LaunchPad<_Target>::_Run(std::_LaunchPad<_Target> *) noexcept' being compiled
          with
          [
              _Target=std::unique_ptr<std::tuple<void (__cdecl *)(std::vector<Sphere,std::allocator<Sphere>>,float,float),std::vector<Sphere,std::allocator<Sphere>>,int,float>,std::default_delete<std::tuple<void (__cdecl *)(std::vector<Sphere,std::allocator<Sphere>>,float,float),std::vector<Sphere,std::allocator<Sphere>>,int,float>>>
          ]
  c:\program files (x86)\microsoft visual studio\2017\professional\vc\tools\msvc\14.14.26428\include\thr\xthread(257): note: see reference to class template instantiation 'std::_LaunchPad<_Target>' being compiled
          with
          [
              _Target=std::unique_ptr<std::tuple<void (__cdecl *)(std::vector<Sphere,std::allocator<Sphere>>,float,float),std::vector<Sphere,std::allocator<Sphere>>,int,float>,std::default_delete<std::tuple<void (__cdecl *)(std::vector<Sphere,std::allocator<Sphere>>,float,float),std::vector<Sphere,std::allocator<Sphere>>,int,float>>>
          ]
  c:\program files (x86)\microsoft visual studio\2017\professional\vc\tools\msvc\14.14.26428\include\thread(49): note: see reference to function template instantiation 'void std::_Launch<std::unique_ptr<std::tuple<void (__cdecl *)(std::vector<Sphere,std::allocator<_Ty>>,float,float),std::vector<_Ty,std::allocator<_Ty>>,int,float>,std::default_delete<std::tuple<void (__cdecl *)(std::vector<_Ty,std::allocator<_Ty>>,float,float),std::vector<_Ty,std::allocator<_Ty>>,int,float>>>>(_Thrd_t *,_Target &&)' being compiled
          with
          [
              _Ty=Sphere,
              _Target=std::unique_ptr<std::tuple<void (__cdecl *)(std::vector<Sphere,std::allocator<Sphere>>,float,float),std::vector<Sphere,std::allocator<Sphere>>,int,float>,std::default_delete<std::tuple<void (__cdecl *)(std::vector<Sphere,std::allocator<Sphere>>,float,float),std::vector<Sphere,std::allocator<Sphere>>,int,float>>>
          ]
  c:\users\g018049f\desktop\raytracerframework\raytracersmall\main.cpp(413): note: see reference to function template instantiation 'std::thread::thread<void(__cdecl &)(std::vector<Sphere,std::allocator<_Ty>>,float,float),std::vector<_Ty,std::allocator<_Ty>>&,int,float,void>(_Fn,std::vector<_Ty,std::allocator<_Ty>> &,int &&,float &&)' being compiled
          with
          [
              _Ty=Sphere,
              _Fn=void (__cdecl &)(std::vector<Sphere,std::allocator<Sphere>>,float,float)
          ]
  Generating code
  142 of 1487 functions ( 9.5%) were compiled, the rest were copied from previous compilation.
    122 functions were new in current compilation
    21 functions had inline decision re-evaluated but remain unchanged
  Finished generating code
  RayTracerSmall.vcxproj -> C:\Users\g018049f\Desktop\RayTracerFramework\Release\RayTracerSmall.exe
